<?xml version="1.0" encoding="UTF-8"?>
<testsuite name="edu.jsu.mcis.ConnectFourTest" tests="4" skipped="0" failures="0" errors="0" timestamp="2014-09-23T19:29:47" hostname="Myles-PC" time="0.008">
  <properties/>
  <testcase name="testRedWinVerticallyInCenterColumn" classname="edu.jsu.mcis.ConnectFourTest" time="0.006"/>
  <testcase name="testNewGameShouldHaveAllEmptyColumns" classname="edu.jsu.mcis.ConnectFourTest" time="0.0"/>
  <testcase name="testDropFirstTokenInCenterShouldBeRedAndThenSecondTokenInCenterShouldBeBlack" classname="edu.jsu.mcis.ConnectFourTest" time="0.0"/>
  <testcase name="testFillSecondColumnFromLeftShouldLeaveNoAbilityToDropToken" classname="edu.jsu.mcis.ConnectFourTest" time="0.0"/>
  <system-out><![CDATA[]]></system-out>
  <system-err><![CDATA[]]></system-err>
</testsuite>
